<?xml version="1.0" encoding="UTF-8"?>
<testsuite name="SILab2Test" tests="1" skipped="0" failures="0" errors="0" timestamp="2025-05-11T15:04:19" hostname="DESKTOP-HQ0QIOE" time="0.058">
  <properties/>
  <testcase name="multipleConditionTest()" classname="SILab2Test" time="0.058"/>
  <system-out><![CDATA[]]></system-out>
  <system-err><![CDATA[]]></system-err>
</testsuite>
